<?xml version="1.0" encoding="UTF-8"?>
<testsuite name="PyramidPattrenOppositeTest" tests="3" skipped="0" failures="0" errors="0" timestamp="2019-12-09T05:48:13" hostname="Avanis-MacBook-Pro.local" time="0.002">
  <properties/>
  <testcase name="givenOneNthAndOneMthNumber_WhenPrint_ThenShouldShowSpace()" classname="PyramidPattrenOppositeTest" time="0.001"/>
  <testcase name="givenFourNthAndSevenMthNumber_WhenPrint_ThenShouldPrintStar()" classname="PyramidPattrenOppositeTest" time="0.001"/>
  <testcase name="givenThreeNthAndFiveMthNumber_WhenPrint_ThenShouldPrintStar()" classname="PyramidPattrenOppositeTest" time="0.0"/>
  <system-out><![CDATA[]]></system-out>
  <system-err><![CDATA[]]></system-err>
</testsuite>
