<?xml version="1.0" encoding="UTF-8"?>
<testsuite name="LeftHalfTranglePatternTest" tests="1" skipped="0" failures="0" errors="0" timestamp="2019-12-03T05:13:58" hostname="Avanis-MacBook-Pro.local" time="0.001">
  <properties/>
  <testcase name="givenOneNthAndTwoMthNumber_WhenPrint_ThenShouldPrintTwoStar()" classname="LeftHalfTranglePatternTest" time="0.001"/>
  <system-out><![CDATA[]]></system-out>
  <system-err><![CDATA[]]></system-err>
</testsuite>
