<?xml version="1.0" encoding="UTF-8"?>
<testsuite name="RectangleStarPatternTest" tests="2" skipped="0" failures="0" errors="0" timestamp="2019-12-03T06:25:33" hostname="Avanis-MacBook-Pro.local" time="0.002">
  <properties/>
  <testcase name="givenOneNthAndTwoMthNumber_WhenPrint_ThenShouldPrintTwoStar()" classname="RectangleStarPatternTest" time="0.001"/>
  <testcase name="givenTwoNthAndFourMthNumber_WhenPrint_ThenShouldPrintEightStar()" classname="RectangleStarPatternTest" time="0.0"/>
  <system-out><![CDATA[]]></system-out>
  <system-err><![CDATA[]]></system-err>
</testsuite>
