<?xml version="1.0" encoding="UTF-8"?>
<testsuite name="com.tw.numberPattern.SimpleNumberFormateTest" tests="2" skipped="0" failures="0" errors="0" timestamp="2019-12-09T05:48:13" hostname="Avanis-MacBook-Pro.local" time="0.005">
  <properties/>
  <testcase name="givenOneNthAndTwoMth_WhenPrint_ThenShouldPrintOneAndTwo()" classname="com.tw.numberPattern.SimpleNumberFormateTest" time="0.005"/>
  <testcase name="givenOneNthAndMth_WhenPrint_ThenShouldPrintOneAndTwo()" classname="com.tw.numberPattern.SimpleNumberFormateTest" time="0.0"/>
  <system-out><![CDATA[]]></system-out>
  <system-err><![CDATA[]]></system-err>
</testsuite>
